<?xml version="1.0" encoding="UTF-8"?>
<testng-results skipped="0" failed="0" ignored="0" total="0" passed="0">
  <reporter-output>
  </reporter-output>
  <suite name="Default suite" duration-ms="16682" started-at="2020-03-10T18:36:52 IST" finished-at="2020-03-10T18:37:09 IST">
    <groups>
    </groups>
    <test name="Default test" duration-ms="16682" started-at="2020-03-10T18:36:52 IST" finished-at="2020-03-10T18:37:09 IST">
      <class name="com.atmecs.automation.testsuite.BaseClass">
        <test-method status="PASS" signature="invokeBrowser()[pri:0, instance:com.atmecs.automation.testsuite.BaseClass@1f28c152]" name="invokeBrowser" is-config="true" duration-ms="16669" started-at="2020-03-10T18:36:52 IST" finished-at="2020-03-10T18:37:09 IST">
          <reporter-output>
          </reporter-output>
        </test-method> <!-- invokeBrowser -->
      </class> <!-- com.atmecs.automation.testsuite.BaseClass -->
    </test> <!-- Default test -->
  </suite> <!-- Default suite -->
</testng-results>
